["INFO" - 9:01:36 AM] Extension Name: esbenp.prettier-vscode.
["INFO" - 9:01:36 AM] Extension Version: 5.1.3.
["INFO" - 9:01:36 AM] Enabling prettier for languages
[
  "css",
  "graphql",
  "html",
  "javascript",
  "javascriptreact",
  "json",
  "json5",
  "jsonc",
  "less",
  "markdown",
  "mdx",
  "mongo",
  "postcss",
  "scss",
  "typescript",
  "typescriptreact",
  "vue",
  "yaml"
]
["INFO" - 9:01:37 AM] Enabling prettier for range supported languages
[
  "graphql",
  "javascript",
  "javascriptreact",
  "json",
  "typescript",
  "typescriptreact"
]
["INFO" - 11:27:08 AM] Formatting /home/jad/projects/my-website/dorman-frontend/src/config/routes.jsx
["INFO" - 11:27:08 AM] Using ignore file (if present) at /home/jad/projects/my-website/dorman-frontend/.prettierignore
["INFO" - 11:27:08 AM] Using bundled version of prettier.
["INFO" - 11:27:08 AM] File Info:
{
  "ignored": false,
  "inferredParser": "babel"
}
["INFO" - 11:27:08 AM] No local configuration (i.e. .prettierrc or .editorconfig) detected, falling back to VS Code configuration
["INFO" - 11:27:08 AM] Prettier Options:
{
  "arrowParens": "always",
  "bracketSpacing": true,
  "endOfLine": "lf",
  "htmlWhitespaceSensitivity": "css",
  "insertPragma": false,
  "jsxBracketSameLine": false,
  "jsxSingleQuote": false,
  "printWidth": 80,
  "proseWrap": "preserve",
  "quoteProps": "as-needed",
  "requirePragma": false,
  "semi": true,
  "singleQuote": false,
  "tabWidth": 2,
  "trailingComma": "es5",
  "useTabs": false,
  "vueIndentScriptAndStyle": false,
  "filepath": "/home/jad/projects/my-website/dorman-frontend/src/config/routes.jsx",
  "parser": "babel"
}
["INFO" - 11:27:08 AM] Formatting completed in 59.478921ms.
["INFO" - 12:30:46 PM] Formatting /home/jad/projects/my-website/dorman-frontend/src/config/routes.jsx
["INFO" - 12:30:46 PM] Using ignore file (if present) at /home/jad/projects/my-website/dorman-frontend/.prettierignore
["INFO" - 12:30:46 PM] Using bundled version of prettier.
["INFO" - 12:30:46 PM] File Info:
{
  "ignored": false,
  "inferredParser": "babel"
}
["INFO" - 12:30:46 PM] No local configuration (i.e. .prettierrc or .editorconfig) detected, falling back to VS Code configuration
["INFO" - 12:30:46 PM] Prettier Options:
{
  "arrowParens": "always",
  "bracketSpacing": true,
  "endOfLine": "lf",
  "htmlWhitespaceSensitivity": "css",
  "insertPragma": false,
  "jsxBracketSameLine": false,
  "jsxSingleQuote": false,
  "printWidth": 80,
  "proseWrap": "preserve",
  "quoteProps": "as-needed",
  "requirePragma": false,
  "semi": true,
  "singleQuote": false,
  "tabWidth": 2,
  "trailingComma": "es5",
  "useTabs": false,
  "vueIndentScriptAndStyle": false,
  "filepath": "/home/jad/projects/my-website/dorman-frontend/src/config/routes.jsx",
  "parser": "babel"
}
["INFO" - 12:30:46 PM] Formatting completed in 50.536899ms.
["INFO" - 12:35:22 PM] Formatting /home/jad/projects/my-website/dorman-frontend/src/components/Landing.jsx
["INFO" - 12:35:22 PM] Using ignore file (if present) at /home/jad/projects/my-website/dorman-frontend/.prettierignore
["INFO" - 12:35:22 PM] Using bundled version of prettier.
["INFO" - 12:35:22 PM] File Info:
{
  "ignored": false,
  "inferredParser": "babel"
}
["INFO" - 12:35:22 PM] No local configuration (i.e. .prettierrc or .editorconfig) detected, falling back to VS Code configuration
["INFO" - 12:35:22 PM] Prettier Options:
{
  "arrowParens": "always",
  "bracketSpacing": true,
  "endOfLine": "lf",
  "htmlWhitespaceSensitivity": "css",
  "insertPragma": false,
  "jsxBracketSameLine": false,
  "jsxSingleQuote": false,
  "printWidth": 80,
  "proseWrap": "preserve",
  "quoteProps": "as-needed",
  "requirePragma": false,
  "semi": true,
  "singleQuote": false,
  "tabWidth": 2,
  "trailingComma": "es5",
  "useTabs": false,
  "vueIndentScriptAndStyle": false,
  "filepath": "/home/jad/projects/my-website/dorman-frontend/src/components/Landing.jsx",
  "parser": "babel"
}
["ERROR" - 12:35:22 PM] Error formatting document.
["ERROR" - 12:35:22 PM] Unexpected token (4:13)
  2 | 
  3 | const Landing = () => {
> 4 |     return ();
    |             ^
  5 | };
SyntaxError: Unexpected token (4:13)
  2 | 
  3 | const Landing = () => {
> 4 |     return ();
    |             ^
  5 | };
	at e (/home/jad/.vscode-oss/extensions/esbenp.prettier-vscode-5.1.3/node_modules/prettier/parser-babel.js:1:344)
	at Object.parse (/home/jad/.vscode-oss/extensions/esbenp.prettier-vscode-5.1.3/node_modules/prettier/parser-babel.js:1:262513)
	at Object.parse (/home/jad/.vscode-oss/extensions/esbenp.prettier-vscode-5.1.3/node_modules/prettier/index.js:11370:19)
	at coreFormat (/home/jad/.vscode-oss/extensions/esbenp.prettier-vscode-5.1.3/node_modules/prettier/index.js:14784:25)
	at format (/home/jad/.vscode-oss/extensions/esbenp.prettier-vscode-5.1.3/node_modules/prettier/index.js:15019:75)
	at formatWithCursor (/home/jad/.vscode-oss/extensions/esbenp.prettier-vscode-5.1.3/node_modules/prettier/index.js:15035:12)
	at /home/jad/.vscode-oss/extensions/esbenp.prettier-vscode-5.1.3/node_modules/prettier/index.js:51620:12
	at Object.format (/home/jad/.vscode-oss/extensions/esbenp.prettier-vscode-5.1.3/node_modules/prettier/index.js:51640:12)
	at t.default.<anonymous> (/home/jad/.vscode-oss/extensions/esbenp.prettier-vscode-5.1.3/dist/extension.js:1:58387)
	at Generator.next (<anonymous>)
	at s (/home/jad/.vscode-oss/extensions/esbenp.prettier-vscode-5.1.3/dist/extension.js:1:53305)
["INFO" - 12:35:22 PM] Formatting completed in 67.630226ms.
["INFO" - 12:35:35 PM] Formatting /home/jad/projects/my-website/dorman-frontend/src/components/Landing.jsx
["INFO" - 12:35:35 PM] Using ignore file (if present) at /home/jad/projects/my-website/dorman-frontend/.prettierignore
["INFO" - 12:35:35 PM] Using bundled version of prettier.
["INFO" - 12:35:35 PM] File Info:
{
  "ignored": false,
  "inferredParser": "babel"
}
["INFO" - 12:35:35 PM] No local configuration (i.e. .prettierrc or .editorconfig) detected, falling back to VS Code configuration
["INFO" - 12:35:35 PM] Prettier Options:
{
  "arrowParens": "always",
  "bracketSpacing": true,
  "endOfLine": "lf",
  "htmlWhitespaceSensitivity": "css",
  "insertPragma": false,
  "jsxBracketSameLine": false,
  "jsxSingleQuote": false,
  "printWidth": 80,
  "proseWrap": "preserve",
  "quoteProps": "as-needed",
  "requirePragma": false,
  "semi": true,
  "singleQuote": false,
  "tabWidth": 2,
  "trailingComma": "es5",
  "useTabs": false,
  "vueIndentScriptAndStyle": false,
  "filepath": "/home/jad/projects/my-website/dorman-frontend/src/components/Landing.jsx",
  "parser": "babel"
}
["ERROR" - 12:35:35 PM] Error formatting document.
["ERROR" - 12:35:35 PM] Unexpected token (4:13)
  2 | 
  3 | const Landing = () => {
> 4 |     return ();
    |             ^
  5 | };
  6 | 
  7 | export default Landing;
SyntaxError: Unexpected token (4:13)
  2 | 
  3 | const Landing = () => {
> 4 |     return ();
    |             ^
  5 | };
  6 | 
  7 | export default Landing;
	at e (/home/jad/.vscode-oss/extensions/esbenp.prettier-vscode-5.1.3/node_modules/prettier/parser-babel.js:1:344)
	at Object.parse (/home/jad/.vscode-oss/extensions/esbenp.prettier-vscode-5.1.3/node_modules/prettier/parser-babel.js:1:262513)
	at Object.parse (/home/jad/.vscode-oss/extensions/esbenp.prettier-vscode-5.1.3/node_modules/prettier/index.js:11370:19)
	at coreFormat (/home/jad/.vscode-oss/extensions/esbenp.prettier-vscode-5.1.3/node_modules/prettier/index.js:14784:25)
	at format (/home/jad/.vscode-oss/extensions/esbenp.prettier-vscode-5.1.3/node_modules/prettier/index.js:15019:75)
	at formatWithCursor (/home/jad/.vscode-oss/extensions/esbenp.prettier-vscode-5.1.3/node_modules/prettier/index.js:15035:12)
	at /home/jad/.vscode-oss/extensions/esbenp.prettier-vscode-5.1.3/node_modules/prettier/index.js:51620:12
	at Object.format (/home/jad/.vscode-oss/extensions/esbenp.prettier-vscode-5.1.3/node_modules/prettier/index.js:51640:12)
	at t.default.<anonymous> (/home/jad/.vscode-oss/extensions/esbenp.prettier-vscode-5.1.3/dist/extension.js:1:58387)
	at Generator.next (<anonymous>)
	at s (/home/jad/.vscode-oss/extensions/esbenp.prettier-vscode-5.1.3/dist/extension.js:1:53305)
["INFO" - 12:35:35 PM] Formatting completed in 24.519943ms.
["INFO" - 12:35:44 PM] Formatting /home/jad/projects/my-website/dorman-frontend/src/components/NavBar.jsx
["INFO" - 12:35:44 PM] Using ignore file (if present) at /home/jad/projects/my-website/dorman-frontend/.prettierignore
["INFO" - 12:35:44 PM] Using bundled version of prettier.
["INFO" - 12:35:44 PM] File Info:
{
  "ignored": false,
  "inferredParser": "babel"
}
["INFO" - 12:35:44 PM] No local configuration (i.e. .prettierrc or .editorconfig) detected, falling back to VS Code configuration
["INFO" - 12:35:44 PM] Prettier Options:
{
  "arrowParens": "always",
  "bracketSpacing": true,
  "endOfLine": "lf",
  "htmlWhitespaceSensitivity": "css",
  "insertPragma": false,
  "jsxBracketSameLine": false,
  "jsxSingleQuote": false,
  "printWidth": 80,
  "proseWrap": "preserve",
  "quoteProps": "as-needed",
  "requirePragma": false,
  "semi": true,
  "singleQuote": false,
  "tabWidth": 2,
  "trailingComma": "es5",
  "useTabs": false,
  "vueIndentScriptAndStyle": false,
  "filepath": "/home/jad/projects/my-website/dorman-frontend/src/components/NavBar.jsx",
  "parser": "babel"
}
["ERROR" - 12:35:44 PM] Error formatting document.
["ERROR" - 12:35:44 PM] Unexpected token (4:13)
  2 | 
  3 | const NavBar = () => {
> 4 |     return ();
    |             ^
  5 | };
  6 | 
  7 | export default NavBar;
SyntaxError: Unexpected token (4:13)
  2 | 
  3 | const NavBar = () => {
> 4 |     return ();
    |             ^
  5 | };
  6 | 
  7 | export default NavBar;
	at e (/home/jad/.vscode-oss/extensions/esbenp.prettier-vscode-5.1.3/node_modules/prettier/parser-babel.js:1:344)
	at Object.parse (/home/jad/.vscode-oss/extensions/esbenp.prettier-vscode-5.1.3/node_modules/prettier/parser-babel.js:1:262513)
	at Object.parse (/home/jad/.vscode-oss/extensions/esbenp.prettier-vscode-5.1.3/node_modules/prettier/index.js:11370:19)
	at coreFormat (/home/jad/.vscode-oss/extensions/esbenp.prettier-vscode-5.1.3/node_modules/prettier/index.js:14784:25)
	at format (/home/jad/.vscode-oss/extensions/esbenp.prettier-vscode-5.1.3/node_modules/prettier/index.js:15019:75)
	at formatWithCursor (/home/jad/.vscode-oss/extensions/esbenp.prettier-vscode-5.1.3/node_modules/prettier/index.js:15035:12)
	at /home/jad/.vscode-oss/extensions/esbenp.prettier-vscode-5.1.3/node_modules/prettier/index.js:51620:12
	at Object.format (/home/jad/.vscode-oss/extensions/esbenp.prettier-vscode-5.1.3/node_modules/prettier/index.js:51640:12)
	at t.default.<anonymous> (/home/jad/.vscode-oss/extensions/esbenp.prettier-vscode-5.1.3/dist/extension.js:1:58387)
	at Generator.next (<anonymous>)
	at s (/home/jad/.vscode-oss/extensions/esbenp.prettier-vscode-5.1.3/dist/extension.js:1:53305)
["INFO" - 12:35:44 PM] Formatting completed in 27.192664ms.
["INFO" - 12:48:43 PM] Formatting /home/jad/projects/my-website/dorman-frontend/src/config/routes.jsx
["INFO" - 12:48:43 PM] Using ignore file (if present) at /home/jad/projects/my-website/dorman-frontend/.prettierignore
["INFO" - 12:48:43 PM] Using bundled version of prettier.
["INFO" - 12:48:43 PM] File Info:
{
  "ignored": false,
  "inferredParser": "babel"
}
["INFO" - 12:48:43 PM] No local configuration (i.e. .prettierrc or .editorconfig) detected, falling back to VS Code configuration
["INFO" - 12:48:43 PM] Prettier Options:
{
  "arrowParens": "always",
  "bracketSpacing": true,
  "endOfLine": "lf",
  "htmlWhitespaceSensitivity": "css",
  "insertPragma": false,
  "jsxBracketSameLine": false,
  "jsxSingleQuote": false,
  "printWidth": 80,
  "proseWrap": "preserve",
  "quoteProps": "as-needed",
  "requirePragma": false,
  "semi": true,
  "singleQuote": false,
  "tabWidth": 2,
  "trailingComma": "es5",
  "useTabs": false,
  "vueIndentScriptAndStyle": false,
  "filepath": "/home/jad/projects/my-website/dorman-frontend/src/config/routes.jsx",
  "parser": "babel"
}
["INFO" - 12:48:44 PM] Formatting completed in 71.086016ms.
["INFO" - 1:08:50 PM] Formatting /home/jad/projects/my-website/dorman-frontend/src/config/routes.jsx
["INFO" - 1:08:50 PM] Using ignore file (if present) at /home/jad/projects/my-website/dorman-frontend/.prettierignore
["INFO" - 1:08:50 PM] Using bundled version of prettier.
["INFO" - 1:08:50 PM] File Info:
{
  "ignored": false,
  "inferredParser": "babel"
}
["INFO" - 1:08:50 PM] No local configuration (i.e. .prettierrc or .editorconfig) detected, falling back to VS Code configuration
["INFO" - 1:08:50 PM] Prettier Options:
{
  "arrowParens": "always",
  "bracketSpacing": true,
  "endOfLine": "lf",
  "htmlWhitespaceSensitivity": "css",
  "insertPragma": false,
  "jsxBracketSameLine": false,
  "jsxSingleQuote": false,
  "printWidth": 80,
  "proseWrap": "preserve",
  "quoteProps": "as-needed",
  "requirePragma": false,
  "semi": true,
  "singleQuote": false,
  "tabWidth": 2,
  "trailingComma": "es5",
  "useTabs": false,
  "vueIndentScriptAndStyle": false,
  "filepath": "/home/jad/projects/my-website/dorman-frontend/src/config/routes.jsx",
  "parser": "babel"
}
["INFO" - 1:08:50 PM] Formatting completed in 35.321969ms.
["INFO" - 1:08:59 PM] Formatting /home/jad/projects/my-website/dorman-frontend/src/config/routes.jsx
["INFO" - 1:08:59 PM] Using ignore file (if present) at /home/jad/projects/my-website/dorman-frontend/.prettierignore
["INFO" - 1:08:59 PM] Using bundled version of prettier.
["INFO" - 1:08:59 PM] File Info:
{
  "ignored": false,
  "inferredParser": "babel"
}
["INFO" - 1:08:59 PM] No local configuration (i.e. .prettierrc or .editorconfig) detected, falling back to VS Code configuration
["INFO" - 1:08:59 PM] Prettier Options:
{
  "arrowParens": "always",
  "bracketSpacing": true,
  "endOfLine": "lf",
  "htmlWhitespaceSensitivity": "css",
  "insertPragma": false,
  "jsxBracketSameLine": false,
  "jsxSingleQuote": false,
  "printWidth": 80,
  "proseWrap": "preserve",
  "quoteProps": "as-needed",
  "requirePragma": false,
  "semi": true,
  "singleQuote": false,
  "tabWidth": 2,
  "trailingComma": "es5",
  "useTabs": false,
  "vueIndentScriptAndStyle": false,
  "filepath": "/home/jad/projects/my-website/dorman-frontend/src/config/routes.jsx",
  "parser": "babel"
}
["INFO" - 1:09:00 PM] Formatting completed in 24.576037ms.
