Looking for git in: git
Using git 2.28.0 from git
> git rev-parse --show-toplevel
> git rev-parse --git-dir
Open repository: /home/jad/projects/my-website/dorman-frontend
> git status -z -u
> git symbolic-ref --short HEAD
> git rev-parse master
> git rev-parse --symbolic-full-name master@{u}
> git rev-list --left-right master...refs/remotes/origin/master
> git check-ignore -v -z --stdin
> git for-each-ref --sort -committerdate --format %(refname) %(objectname)
> git remote --verbose
> git config --get commit.template
> git show --textconv :src/config/routes.jsx
> git ls-files --stage -- /home/jad/projects/my-website/dorman-frontend/src/config/routes.jsx
> git cat-file -s 1179e2ab7d05aebd46f8b2b3a241164da806f743
> git rev-parse --show-toplevel
fatal: not a git repository (or any of the parent directories): .git
> git show --textconv :src/containers/ProjectCardList.jsx
> git ls-files --stage -- /home/jad/projects/my-website/dorman-frontend/src/containers/ProjectCardList.jsx
> git cat-file -s 973bd27a854576b7995e76a24c533df910db7779
> git show --textconv :src/pages/AboutMe.jsx
> git ls-files --stage -- /home/jad/projects/my-website/dorman-frontend/src/pages/AboutMe.jsx
> git show --textconv :src/index.jsx
> git ls-files --stage -- /home/jad/projects/my-website/dorman-frontend/src/index.jsx
> git cat-file -s f5185c1ec7a5dccf30b55a8e3f89afc3eca764a1
> git rev-parse --show-toplevel
fatal: not a git repository (or any of the parent directories): .git
