Looking for git in: git
Using git 2.27.0 from git
> git rev-parse --show-toplevel
> git rev-parse --git-dir
Open repository: /home/jad/projects/my-website/dorman-frontend
> git status -z -u
> git show :src/config/routes.jsx
> git ls-files --stage -- /home/jad/projects/my-website/dorman-frontend/src/config/routes.jsx
> git cat-file -s 1179e2ab7d05aebd46f8b2b3a241164da806f743
> git symbolic-ref --short HEAD
> git rev-parse master
> git rev-parse --symbolic-full-name master@{u}
> git rev-list --left-right master...refs/remotes/origin/master
> git check-ignore -v -z --stdin
> git for-each-ref --format %(refname) %(objectname) --sort -committerdate
> git remote --verbose
> git config --get commit.template
> git show :src/pages/Landing.jsx
> git ls-files --stage -- /home/jad/projects/my-website/dorman-frontend/src/pages/Landing.jsx
> git check-ignore -v -z --stdin
> git status -z -u
> git symbolic-ref --short HEAD
> git rev-parse master
> git rev-parse --symbolic-full-name master@{u}
> git rev-list --left-right master...refs/remotes/origin/master
> git for-each-ref --format %(refname) %(objectname) --sort -committerdate
> git remote --verbose
> git config --get commit.template
> git show :src/pages/ProjectList
> git ls-files --stage -- /home/jad/projects/my-website/dorman-frontend/src/pages/ProjectList
> git check-ignore -v -z --stdin
> git status -z -u
> git symbolic-ref --short HEAD
> git rev-parse master
> git rev-parse --symbolic-full-name master@{u}
> git rev-list --left-right master...refs/remotes/origin/master
> git for-each-ref --format %(refname) %(objectname) --sort -committerdate
> git remote --verbose
> git config --get commit.template
> git show :src/pages/ProjectList.jsx
> git ls-files --stage -- /home/jad/projects/my-website/dorman-frontend/src/pages/ProjectList.jsx
> git check-ignore -v -z --stdin
> git status -z -u
> git symbolic-ref --short HEAD
> git rev-parse master
> git rev-parse --symbolic-full-name master@{u}
> git rev-list --left-right master...refs/remotes/origin/master
> git for-each-ref --format %(refname) %(objectname) --sort -committerdate
> git remote --verbose
> git config --get commit.template
> git show :src/pages/ProjectInfo.jsx
> git ls-files --stage -- /home/jad/projects/my-website/dorman-frontend/src/pages/ProjectInfo.jsx
> git check-ignore -v -z --stdin
> git status -z -u
> git symbolic-ref --short HEAD
> git rev-parse master
> git rev-parse --symbolic-full-name master@{u}
> git rev-list --left-right master...refs/remotes/origin/master
> git for-each-ref --format %(refname) %(objectname) --sort -committerdate
> git remote --verbose
> git config --get commit.template
> git show :src/pages/AboutMe.jsx
> git ls-files --stage -- /home/jad/projects/my-website/dorman-frontend/src/pages/AboutMe.jsx
> git check-ignore -v -z --stdin
> git status -z -u
> git symbolic-ref --short HEAD
> git rev-parse master
> git rev-parse --symbolic-full-name master@{u}
> git rev-list --left-right master...refs/remotes/origin/master
> git for-each-ref --format %(refname) %(objectname) --sort -committerdate
> git remote --verbose
> git config --get commit.template
> git check-ignore -v -z --stdin
> git status -z -u
> git symbolic-ref --short HEAD
> git rev-parse master
> git rev-parse --symbolic-full-name master@{u}
> git rev-list --left-right master...refs/remotes/origin/master
> git for-each-ref --format %(refname) %(objectname) --sort -committerdate
> git remote --verbose
> git config --get commit.template
> git check-ignore -v -z --stdin
> git status -z -u
> git symbolic-ref --short HEAD
> git rev-parse master
> git rev-parse --symbolic-full-name master@{u}
> git rev-list --left-right master...refs/remotes/origin/master
> git for-each-ref --format %(refname) %(objectname) --sort -committerdate
> git remote --verbose
> git config --get commit.template
> git show :src/components/NavBar.jsx
> git ls-files --stage -- /home/jad/projects/my-website/dorman-frontend/src/components/NavBar.jsx
> git cat-file -s 827b545354f9f76c6c62dde9b77df99f2e6c813f
> git show :src/pages/AboutMe.jsx
> git ls-files --stage -- /home/jad/projects/my-website/dorman-frontend/src/pages/AboutMe.jsx
> git status -z -u
> git symbolic-ref --short HEAD
> git rev-parse master
> git rev-parse --symbolic-full-name master@{u}
> git rev-list --left-right master...refs/remotes/origin/master
> git for-each-ref --format %(refname) %(objectname) --sort -committerdate
> git remote --verbose
> git config --get commit.template
> git show :src/pages/Landing.jsx
> git ls-files --stage -- /home/jad/projects/my-website/dorman-frontend/src/pages/Landing.jsx
> git status -z -u
> git symbolic-ref --short HEAD
> git rev-parse master
> git rev-parse --symbolic-full-name master@{u}
> git rev-list --left-right master...refs/remotes/origin/master
> git for-each-ref --format %(refname) %(objectname) --sort -committerdate
> git remote --verbose
> git config --get commit.template
> git status -z -u
> git symbolic-ref --short HEAD
> git rev-parse master
> git rev-parse --symbolic-full-name master@{u}
> git rev-list --left-right master...refs/remotes/origin/master
> git for-each-ref --format %(refname) %(objectname) --sort -committerdate
> git remote --verbose
> git config --get commit.template
> git show :src/pages/Project.jsx
> git ls-files --stage -- /home/jad/projects/my-website/dorman-frontend/src/pages/Project.jsx
> git show :src/pages/Landing.jsx
> git ls-files --stage -- /home/jad/projects/my-website/dorman-frontend/src/pages/Landing.jsx
> git status -z -u
> git symbolic-ref --short HEAD
> git rev-parse master
> git rev-parse --symbolic-full-name master@{u}
> git rev-list --left-right master...refs/remotes/origin/master
> git for-each-ref --format %(refname) %(objectname) --sort -committerdate
> git remote --verbose
> git config --get commit.template
> git status -z -u
> git symbolic-ref --short HEAD
> git rev-parse master
> git rev-parse --symbolic-full-name master@{u}
> git rev-list --left-right master...refs/remotes/origin/master
> git for-each-ref --format %(refname) %(objectname) --sort -committerdate
> git remote --verbose
> git config --get commit.template
> git show :src/pages/Project.jsx
> git ls-files --stage -- /home/jad/projects/my-website/dorman-frontend/src/pages/Project.jsx
> git show :src/components/ProjectCard.jsx
> git ls-files --stage -- /home/jad/projects/my-website/dorman-frontend/src/components/ProjectCard.jsx
> git cat-file -s a349d8df2070cf861a63c91910adc7ffcb6de9e7
> git show :src/containers/ProjectCardList.jsx
> git ls-files --stage -- /home/jad/projects/my-website/dorman-frontend/src/containers/ProjectCardList.jsx
> git cat-file -s 973bd27a854576b7995e76a24c533df910db7779
> git show :src/pages/Project.jsx
> git ls-files --stage -- /home/jad/projects/my-website/dorman-frontend/src/pages/Project.jsx
> git show :src/pages/Projects.jsx
> git ls-files --stage -- /home/jad/projects/my-website/dorman-frontend/src/pages/Projects.jsx
> git status -z -u
> git symbolic-ref --short HEAD
> git rev-parse master
> git rev-parse --symbolic-full-name master@{u}
> git rev-list --left-right master...refs/remotes/origin/master
> git for-each-ref --format %(refname) %(objectname) --sort -committerdate
> git remote --verbose
> git config --get commit.template
> git show :src/pages/Project.jsx
> git ls-files --stage -- /home/jad/projects/my-website/dorman-frontend/src/pages/Project.jsx
> git status -z -u
> git symbolic-ref --short HEAD
> git rev-parse master
> git rev-parse --symbolic-full-name master@{u}
> git rev-list --left-right master...refs/remotes/origin/master
> git for-each-ref --format %(refname) %(objectname) --sort -committerdate
> git remote --verbose
> git config --get commit.template
> git show :src/config/routes.jsx
> git ls-files --stage -- /home/jad/projects/my-website/dorman-frontend/src/config/routes.jsx
> git cat-file -s 1179e2ab7d05aebd46f8b2b3a241164da806f743
> git status -z -u
> git symbolic-ref --short HEAD
> git rev-parse master
> git rev-parse --symbolic-full-name master@{u}
> git rev-list --left-right master...refs/remotes/origin/master
> git for-each-ref --format %(refname) %(objectname) --sort -committerdate
> git remote --verbose
> git config --get commit.template
> git log --format=%H%n%aN%n%aE%n%at%n%ct%n%P%n%B -z -n21 -- /home/jad/projects/my-website/dorman-frontend/src/config/routes.jsx
