["INFO" - 11:14:43 AM] Extension Name: esbenp.prettier-vscode.
["INFO" - 11:14:43 AM] Extension Version: 5.1.3.
["INFO" - 11:14:44 AM] Enabling prettier for languages
[
  "css",
  "graphql",
  "html",
  "javascript",
  "javascriptreact",
  "json",
  "json5",
  "jsonc",
  "less",
  "markdown",
  "mdx",
  "mongo",
  "postcss",
  "scss",
  "typescript",
  "typescriptreact",
  "vue",
  "yaml"
]
["INFO" - 11:14:44 AM] Enabling prettier for range supported languages
[
  "graphql",
  "javascript",
  "javascriptreact",
  "json",
  "typescript",
  "typescriptreact"
]
["INFO" - 12:02:08 PM] Enabling prettier for languages
[
  "css",
  "graphql",
  "html",
  "javascript",
  "javascriptreact",
  "json",
  "json5",
  "jsonc",
  "less",
  "markdown",
  "mdx",
  "mongo",
  "postcss",
  "scss",
  "typescript",
  "typescriptreact",
  "vue",
  "yaml"
]
["INFO" - 12:02:08 PM] Enabling prettier for range supported languages
[
  "graphql",
  "javascript",
  "javascriptreact",
  "json",
  "typescript",
  "typescriptreact"
]
["INFO" - 12:02:08 PM] Enabling prettier for languages
[
  "css",
  "graphql",
  "html",
  "javascript",
  "javascriptreact",
  "json",
  "json5",
  "jsonc",
  "less",
  "markdown",
  "mdx",
  "mongo",
  "postcss",
  "scss",
  "typescript",
  "typescriptreact",
  "vue",
  "yaml"
]
["INFO" - 12:02:08 PM] Enabling prettier for range supported languages
[
  "graphql",
  "javascript",
  "javascriptreact",
  "json",
  "typescript",
  "typescriptreact"
]
["INFO" - 12:02:44 PM] Enabling prettier for languages
[
  "css",
  "graphql",
  "html",
  "javascript",
  "javascriptreact",
  "json",
  "json5",
  "jsonc",
  "less",
  "markdown",
  "mdx",
  "mongo",
  "postcss",
  "scss",
  "typescript",
  "typescriptreact",
  "vue",
  "yaml"
]
["INFO" - 12:02:44 PM] Enabling prettier for range supported languages
[
  "graphql",
  "javascript",
  "javascriptreact",
  "json",
  "typescript",
  "typescriptreact"
]
["INFO" - 12:02:44 PM] Enabling prettier for languages
[
  "css",
  "graphql",
  "html",
  "javascript",
  "javascriptreact",
  "json",
  "json5",
  "jsonc",
  "less",
  "markdown",
  "mdx",
  "mongo",
  "postcss",
  "scss",
  "typescript",
  "typescriptreact",
  "vue",
  "yaml"
]
["INFO" - 12:02:44 PM] Enabling prettier for range supported languages
[
  "graphql",
  "javascript",
  "javascriptreact",
  "json",
  "typescript",
  "typescriptreact"
]
["INFO" - 12:03:26 PM] Enabling prettier for languages
[
  "css",
  "graphql",
  "html",
  "javascript",
  "javascriptreact",
  "json",
  "json5",
  "jsonc",
  "less",
  "markdown",
  "mdx",
  "mongo",
  "postcss",
  "scss",
  "typescript",
  "typescriptreact",
  "vue",
  "yaml"
]
["INFO" - 12:03:26 PM] Enabling prettier for range supported languages
[
  "graphql",
  "javascript",
  "javascriptreact",
  "json",
  "typescript",
  "typescriptreact"
]
["INFO" - 12:03:26 PM] Enabling prettier for languages
[
  "css",
  "graphql",
  "html",
  "javascript",
  "javascriptreact",
  "json",
  "json5",
  "jsonc",
  "less",
  "markdown",
  "mdx",
  "mongo",
  "postcss",
  "scss",
  "typescript",
  "typescriptreact",
  "vue",
  "yaml"
]
["INFO" - 12:03:26 PM] Enabling prettier for range supported languages
[
  "graphql",
  "javascript",
  "javascriptreact",
  "json",
  "typescript",
  "typescriptreact"
]
["INFO" - 12:06:08 PM] Formatting /home/jad/projects/my-website/dorman-frontend/src/App.jsx
["INFO" - 12:06:08 PM] Using ignore file (if present) at /home/jad/projects/my-website/dorman-frontend/.prettierignore
["INFO" - 12:06:08 PM] Using bundled version of prettier.
["INFO" - 12:06:08 PM] File Info:
{
  "ignored": false,
  "inferredParser": "babel"
}
["INFO" - 12:06:08 PM] No local configuration (i.e. .prettierrc or .editorconfig) detected, falling back to VS Code configuration
["INFO" - 12:06:08 PM] Prettier Options:
{
  "arrowParens": "always",
  "bracketSpacing": true,
  "endOfLine": "lf",
  "htmlWhitespaceSensitivity": "css",
  "insertPragma": false,
  "jsxBracketSameLine": false,
  "jsxSingleQuote": false,
  "printWidth": 80,
  "proseWrap": "preserve",
  "quoteProps": "as-needed",
  "requirePragma": false,
  "semi": true,
  "singleQuote": false,
  "tabWidth": 2,
  "trailingComma": "es5",
  "useTabs": false,
  "vueIndentScriptAndStyle": false,
  "filepath": "/home/jad/projects/my-website/dorman-frontend/src/App.jsx",
  "parser": "babel"
}
["ERROR" - 12:06:08 PM] Error formatting document.
["ERROR" - 12:06:08 PM] Adjacent JSX elements must be wrapped in an enclosing tag. Did you want a JSX fragment <>...</>? (9:7)
   7 |     return (
   8 |       <Navigation />
>  9 |       <About Me />
     |       ^
  10 |       <Footer />
  11 |     );
  12 |   }
SyntaxError: Adjacent JSX elements must be wrapped in an enclosing tag. Did you want a JSX fragment <>...</>? (9:7)
   7 |     return (
   8 |       <Navigation />
>  9 |       <About Me />
     |       ^
  10 |       <Footer />
  11 |     );
  12 |   }
	at e (/home/jad/.vscode-oss/extensions/esbenp.prettier-vscode-5.1.3/node_modules/prettier/parser-babel.js:1:344)
	at Object.parse (/home/jad/.vscode-oss/extensions/esbenp.prettier-vscode-5.1.3/node_modules/prettier/parser-babel.js:1:262513)
	at Object.parse (/home/jad/.vscode-oss/extensions/esbenp.prettier-vscode-5.1.3/node_modules/prettier/index.js:11370:19)
	at coreFormat (/home/jad/.vscode-oss/extensions/esbenp.prettier-vscode-5.1.3/node_modules/prettier/index.js:14784:25)
	at format (/home/jad/.vscode-oss/extensions/esbenp.prettier-vscode-5.1.3/node_modules/prettier/index.js:15019:75)
	at formatWithCursor (/home/jad/.vscode-oss/extensions/esbenp.prettier-vscode-5.1.3/node_modules/prettier/index.js:15035:12)
	at /home/jad/.vscode-oss/extensions/esbenp.prettier-vscode-5.1.3/node_modules/prettier/index.js:51620:12
	at Object.format (/home/jad/.vscode-oss/extensions/esbenp.prettier-vscode-5.1.3/node_modules/prettier/index.js:51640:12)
	at t.default.<anonymous> (/home/jad/.vscode-oss/extensions/esbenp.prettier-vscode-5.1.3/dist/extension.js:1:58387)
	at Generator.next (<anonymous>)
	at s (/home/jad/.vscode-oss/extensions/esbenp.prettier-vscode-5.1.3/dist/extension.js:1:53305)
["INFO" - 12:06:08 PM] Formatting completed in 51.305418ms.
["INFO" - 2:22:19 PM] Formatting /home/jad/projects/my-website/dorman-frontend/src/App.jsx
["INFO" - 2:22:19 PM] Using ignore file (if present) at /home/jad/projects/my-website/dorman-frontend/.prettierignore
["INFO" - 2:22:19 PM] Using bundled version of prettier.
["INFO" - 2:22:19 PM] File Info:
{
  "ignored": false,
  "inferredParser": "babel"
}
["INFO" - 2:22:19 PM] No local configuration (i.e. .prettierrc or .editorconfig) detected, falling back to VS Code configuration
["INFO" - 2:22:19 PM] Prettier Options:
{
  "arrowParens": "always",
  "bracketSpacing": true,
  "endOfLine": "lf",
  "htmlWhitespaceSensitivity": "css",
  "insertPragma": false,
  "jsxBracketSameLine": false,
  "jsxSingleQuote": false,
  "printWidth": 80,
  "proseWrap": "preserve",
  "quoteProps": "as-needed",
  "requirePragma": false,
  "semi": true,
  "singleQuote": false,
  "tabWidth": 2,
  "trailingComma": "es5",
  "useTabs": false,
  "vueIndentScriptAndStyle": false,
  "filepath": "/home/jad/projects/my-website/dorman-frontend/src/App.jsx",
  "parser": "babel"
}
["ERROR" - 2:22:19 PM] Error formatting document.
["ERROR" - 2:22:19 PM] Adjacent JSX elements must be wrapped in an enclosing tag. Did you want a JSX fragment <>...</>? (9:7)
   7 |     return (
   8 |       <Navigation />
>  9 |       <AboutMe />
     |       ^
  10 |       <Footer />
  11 |     );
  12 |   }
SyntaxError: Adjacent JSX elements must be wrapped in an enclosing tag. Did you want a JSX fragment <>...</>? (9:7)
   7 |     return (
   8 |       <Navigation />
>  9 |       <AboutMe />
     |       ^
  10 |       <Footer />
  11 |     );
  12 |   }
	at e (/home/jad/.vscode-oss/extensions/esbenp.prettier-vscode-5.1.3/node_modules/prettier/parser-babel.js:1:344)
	at Object.parse (/home/jad/.vscode-oss/extensions/esbenp.prettier-vscode-5.1.3/node_modules/prettier/parser-babel.js:1:262513)
	at Object.parse (/home/jad/.vscode-oss/extensions/esbenp.prettier-vscode-5.1.3/node_modules/prettier/index.js:11370:19)
	at coreFormat (/home/jad/.vscode-oss/extensions/esbenp.prettier-vscode-5.1.3/node_modules/prettier/index.js:14784:25)
	at format (/home/jad/.vscode-oss/extensions/esbenp.prettier-vscode-5.1.3/node_modules/prettier/index.js:15019:75)
	at formatWithCursor (/home/jad/.vscode-oss/extensions/esbenp.prettier-vscode-5.1.3/node_modules/prettier/index.js:15035:12)
	at /home/jad/.vscode-oss/extensions/esbenp.prettier-vscode-5.1.3/node_modules/prettier/index.js:51620:12
	at Object.format (/home/jad/.vscode-oss/extensions/esbenp.prettier-vscode-5.1.3/node_modules/prettier/index.js:51640:12)
	at t.default.<anonymous> (/home/jad/.vscode-oss/extensions/esbenp.prettier-vscode-5.1.3/dist/extension.js:1:58387)
	at Generator.next (<anonymous>)
	at s (/home/jad/.vscode-oss/extensions/esbenp.prettier-vscode-5.1.3/dist/extension.js:1:53305)
["INFO" - 2:22:19 PM] Formatting completed in 17.629647ms.
["INFO" - 3:52:37 PM] Enabling prettier for languages
[
  "css",
  "graphql",
  "html",
  "javascript",
  "javascriptreact",
  "json",
  "json5",
  "jsonc",
  "less",
  "markdown",
  "mdx",
  "mongo",
  "postcss",
  "scss",
  "typescript",
  "typescriptreact",
  "vue",
  "yaml"
]
["INFO" - 3:52:37 PM] Enabling prettier for range supported languages
[
  "graphql",
  "javascript",
  "javascriptreact",
  "json",
  "typescript",
  "typescriptreact"
]
["INFO" - 3:52:37 PM] Enabling prettier for languages
[
  "css",
  "graphql",
  "html",
  "javascript",
  "javascriptreact",
  "json",
  "json5",
  "jsonc",
  "less",
  "markdown",
  "mdx",
  "mongo",
  "postcss",
  "scss",
  "typescript",
  "typescriptreact",
  "vue",
  "yaml"
]
["INFO" - 3:52:37 PM] Enabling prettier for range supported languages
[
  "graphql",
  "javascript",
  "javascriptreact",
  "json",
  "typescript",
  "typescriptreact"
]
["INFO" - 3:58:45 PM] Formatting /home/jad/projects/my-website/dorman-frontend/src/App.jsx
["INFO" - 3:58:45 PM] Using ignore file (if present) at /home/jad/projects/my-website/dorman-frontend/.prettierignore
["INFO" - 3:58:45 PM] Using bundled version of prettier.
["INFO" - 3:58:45 PM] File Info:
{
  "ignored": false,
  "inferredParser": "babel"
}
["INFO" - 3:58:45 PM] No local configuration (i.e. .prettierrc or .editorconfig) detected, falling back to VS Code configuration
["INFO" - 3:58:45 PM] Prettier Options:
{
  "arrowParens": "always",
  "bracketSpacing": true,
  "endOfLine": "lf",
  "htmlWhitespaceSensitivity": "css",
  "insertPragma": false,
  "jsxBracketSameLine": false,
  "jsxSingleQuote": false,
  "printWidth": 80,
  "proseWrap": "preserve",
  "quoteProps": "as-needed",
  "requirePragma": false,
  "semi": true,
  "singleQuote": false,
  "tabWidth": 2,
  "trailingComma": "es5",
  "useTabs": false,
  "vueIndentScriptAndStyle": false,
  "filepath": "/home/jad/projects/my-website/dorman-frontend/src/App.jsx",
  "parser": "babel"
}
["ERROR" - 3:58:45 PM] Error formatting document.
["ERROR" - 3:58:45 PM] Adjacent JSX elements must be wrapped in an enclosing tag. Did you want a JSX fragment <>...</>? (10:7)
   8 |     return (
   9 |       <Navigation />
> 10 |       <AboutMe />
     |       ^
  11 |       <Footer />
  12 |     );
  13 |   }
SyntaxError: Adjacent JSX elements must be wrapped in an enclosing tag. Did you want a JSX fragment <>...</>? (10:7)
   8 |     return (
   9 |       <Navigation />
> 10 |       <AboutMe />
     |       ^
  11 |       <Footer />
  12 |     );
  13 |   }
	at e (/home/jad/.vscode-oss/extensions/esbenp.prettier-vscode-5.1.3/node_modules/prettier/parser-babel.js:1:344)
	at Object.parse (/home/jad/.vscode-oss/extensions/esbenp.prettier-vscode-5.1.3/node_modules/prettier/parser-babel.js:1:262513)
	at Object.parse (/home/jad/.vscode-oss/extensions/esbenp.prettier-vscode-5.1.3/node_modules/prettier/index.js:11370:19)
	at coreFormat (/home/jad/.vscode-oss/extensions/esbenp.prettier-vscode-5.1.3/node_modules/prettier/index.js:14784:25)
	at format (/home/jad/.vscode-oss/extensions/esbenp.prettier-vscode-5.1.3/node_modules/prettier/index.js:15019:75)
	at formatWithCursor (/home/jad/.vscode-oss/extensions/esbenp.prettier-vscode-5.1.3/node_modules/prettier/index.js:15035:12)
	at /home/jad/.vscode-oss/extensions/esbenp.prettier-vscode-5.1.3/node_modules/prettier/index.js:51620:12
	at Object.format (/home/jad/.vscode-oss/extensions/esbenp.prettier-vscode-5.1.3/node_modules/prettier/index.js:51640:12)
	at t.default.<anonymous> (/home/jad/.vscode-oss/extensions/esbenp.prettier-vscode-5.1.3/dist/extension.js:1:58387)
	at Generator.next (<anonymous>)
	at s (/home/jad/.vscode-oss/extensions/esbenp.prettier-vscode-5.1.3/dist/extension.js:1:53305)
["INFO" - 3:58:45 PM] Formatting completed in 27.72925ms.
["INFO" - 4:32:04 PM] Formatting /home/jad/projects/my-website/dorman-frontend/src/components/AboutMe.jsx
["INFO" - 4:32:04 PM] Using ignore file (if present) at /home/jad/projects/my-website/dorman-frontend/.prettierignore
["INFO" - 4:32:04 PM] Using bundled version of prettier.
["INFO" - 4:32:04 PM] File Info:
{
  "ignored": false,
  "inferredParser": "babel"
}
["INFO" - 4:32:04 PM] No local configuration (i.e. .prettierrc or .editorconfig) detected, falling back to VS Code configuration
["INFO" - 4:32:04 PM] Prettier Options:
{
  "arrowParens": "always",
  "bracketSpacing": true,
  "endOfLine": "lf",
  "htmlWhitespaceSensitivity": "css",
  "insertPragma": false,
  "jsxBracketSameLine": false,
  "jsxSingleQuote": false,
  "printWidth": 80,
  "proseWrap": "preserve",
  "quoteProps": "as-needed",
  "requirePragma": false,
  "semi": true,
  "singleQuote": false,
  "tabWidth": 2,
  "trailingComma": "es5",
  "useTabs": false,
  "vueIndentScriptAndStyle": false,
  "filepath": "/home/jad/projects/my-website/dorman-frontend/src/components/AboutMe.jsx",
  "parser": "babel"
}
["ERROR" - 4:32:04 PM] Error formatting document.
["ERROR" - 4:32:04 PM] Unexpected token (6:5)
  4 |     return (
  5 |         
> 6 |     );
    |     ^
  7 | }
  8 | 
  9 | export default AboutMe;
SyntaxError: Unexpected token (6:5)
  4 |     return (
  5 |         
> 6 |     );
    |     ^
  7 | }
  8 | 
  9 | export default AboutMe;
	at e (/home/jad/.vscode-oss/extensions/esbenp.prettier-vscode-5.1.3/node_modules/prettier/parser-babel.js:1:344)
	at Object.parse (/home/jad/.vscode-oss/extensions/esbenp.prettier-vscode-5.1.3/node_modules/prettier/parser-babel.js:1:262513)
	at Object.parse (/home/jad/.vscode-oss/extensions/esbenp.prettier-vscode-5.1.3/node_modules/prettier/index.js:11370:19)
	at coreFormat (/home/jad/.vscode-oss/extensions/esbenp.prettier-vscode-5.1.3/node_modules/prettier/index.js:14784:25)
	at format (/home/jad/.vscode-oss/extensions/esbenp.prettier-vscode-5.1.3/node_modules/prettier/index.js:15019:75)
	at formatWithCursor (/home/jad/.vscode-oss/extensions/esbenp.prettier-vscode-5.1.3/node_modules/prettier/index.js:15035:12)
	at /home/jad/.vscode-oss/extensions/esbenp.prettier-vscode-5.1.3/node_modules/prettier/index.js:51620:12
	at Object.format (/home/jad/.vscode-oss/extensions/esbenp.prettier-vscode-5.1.3/node_modules/prettier/index.js:51640:12)
	at t.default.<anonymous> (/home/jad/.vscode-oss/extensions/esbenp.prettier-vscode-5.1.3/dist/extension.js:1:58387)
	at Generator.next (<anonymous>)
	at s (/home/jad/.vscode-oss/extensions/esbenp.prettier-vscode-5.1.3/dist/extension.js:1:53305)
["INFO" - 4:32:04 PM] Formatting completed in 45.444138ms.
["INFO" - 4:33:39 PM] Formatting /home/jad/projects/my-website/dorman-frontend/src/components/NavBar.jsx
["INFO" - 4:33:39 PM] Using ignore file (if present) at /home/jad/projects/my-website/dorman-frontend/.prettierignore
["INFO" - 4:33:39 PM] Using bundled version of prettier.
["INFO" - 4:33:39 PM] File Info:
{
  "ignored": false,
  "inferredParser": "babel"
}
["INFO" - 4:33:39 PM] No local configuration (i.e. .prettierrc or .editorconfig) detected, falling back to VS Code configuration
["INFO" - 4:33:39 PM] Prettier Options:
{
  "arrowParens": "always",
  "bracketSpacing": true,
  "endOfLine": "lf",
  "htmlWhitespaceSensitivity": "css",
  "insertPragma": false,
  "jsxBracketSameLine": false,
  "jsxSingleQuote": false,
  "printWidth": 80,
  "proseWrap": "preserve",
  "quoteProps": "as-needed",
  "requirePragma": false,
  "semi": true,
  "singleQuote": false,
  "tabWidth": 2,
  "trailingComma": "es5",
  "useTabs": false,
  "vueIndentScriptAndStyle": false,
  "filepath": "/home/jad/projects/my-website/dorman-frontend/src/components/NavBar.jsx",
  "parser": "babel"
}
["ERROR" - 4:33:39 PM] Error formatting document.
["ERROR" - 4:33:39 PM] Unexpected token (4:13)
  2 | 
  3 | const NavBar = () => {
> 4 |     return ();
    |             ^
  5 | };
SyntaxError: Unexpected token (4:13)
  2 | 
  3 | const NavBar = () => {
> 4 |     return ();
    |             ^
  5 | };
	at e (/home/jad/.vscode-oss/extensions/esbenp.prettier-vscode-5.1.3/node_modules/prettier/parser-babel.js:1:344)
	at Object.parse (/home/jad/.vscode-oss/extensions/esbenp.prettier-vscode-5.1.3/node_modules/prettier/parser-babel.js:1:262513)
	at Object.parse (/home/jad/.vscode-oss/extensions/esbenp.prettier-vscode-5.1.3/node_modules/prettier/index.js:11370:19)
	at coreFormat (/home/jad/.vscode-oss/extensions/esbenp.prettier-vscode-5.1.3/node_modules/prettier/index.js:14784:25)
	at format (/home/jad/.vscode-oss/extensions/esbenp.prettier-vscode-5.1.3/node_modules/prettier/index.js:15019:75)
	at formatWithCursor (/home/jad/.vscode-oss/extensions/esbenp.prettier-vscode-5.1.3/node_modules/prettier/index.js:15035:12)
	at /home/jad/.vscode-oss/extensions/esbenp.prettier-vscode-5.1.3/node_modules/prettier/index.js:51620:12
	at Object.format (/home/jad/.vscode-oss/extensions/esbenp.prettier-vscode-5.1.3/node_modules/prettier/index.js:51640:12)
	at t.default.<anonymous> (/home/jad/.vscode-oss/extensions/esbenp.prettier-vscode-5.1.3/dist/extension.js:1:58387)
	at Generator.next (<anonymous>)
	at s (/home/jad/.vscode-oss/extensions/esbenp.prettier-vscode-5.1.3/dist/extension.js:1:53305)
["INFO" - 4:33:39 PM] Formatting completed in 54.975556ms.
["INFO" - 4:33:46 PM] Formatting /home/jad/projects/my-website/dorman-frontend/src/components/AboutMe.jsx
["INFO" - 4:33:46 PM] Using ignore file (if present) at /home/jad/projects/my-website/dorman-frontend/.prettierignore
["INFO" - 4:33:46 PM] Using bundled version of prettier.
["INFO" - 4:33:46 PM] File Info:
{
  "ignored": false,
  "inferredParser": "babel"
}
["INFO" - 4:33:46 PM] No local configuration (i.e. .prettierrc or .editorconfig) detected, falling back to VS Code configuration
["INFO" - 4:33:46 PM] Prettier Options:
{
  "arrowParens": "always",
  "bracketSpacing": true,
  "endOfLine": "lf",
  "htmlWhitespaceSensitivity": "css",
  "insertPragma": false,
  "jsxBracketSameLine": false,
  "jsxSingleQuote": false,
  "printWidth": 80,
  "proseWrap": "preserve",
  "quoteProps": "as-needed",
  "requirePragma": false,
  "semi": true,
  "singleQuote": false,
  "tabWidth": 2,
  "trailingComma": "es5",
  "useTabs": false,
  "vueIndentScriptAndStyle": false,
  "filepath": "/home/jad/projects/my-website/dorman-frontend/src/components/AboutMe.jsx",
  "parser": "babel"
}
["ERROR" - 4:33:46 PM] Error formatting document.
["ERROR" - 4:33:46 PM] Unexpected token (6:5)
  4 |     return (
  5 | 
> 6 |     );
    |     ^
  7 | };
  8 | 
  9 | export default AboutMe;
SyntaxError: Unexpected token (6:5)
  4 |     return (
  5 | 
> 6 |     );
    |     ^
  7 | };
  8 | 
  9 | export default AboutMe;
	at e (/home/jad/.vscode-oss/extensions/esbenp.prettier-vscode-5.1.3/node_modules/prettier/parser-babel.js:1:344)
	at Object.parse (/home/jad/.vscode-oss/extensions/esbenp.prettier-vscode-5.1.3/node_modules/prettier/parser-babel.js:1:262513)
	at Object.parse (/home/jad/.vscode-oss/extensions/esbenp.prettier-vscode-5.1.3/node_modules/prettier/index.js:11370:19)
	at coreFormat (/home/jad/.vscode-oss/extensions/esbenp.prettier-vscode-5.1.3/node_modules/prettier/index.js:14784:25)
	at format (/home/jad/.vscode-oss/extensions/esbenp.prettier-vscode-5.1.3/node_modules/prettier/index.js:15019:75)
	at formatWithCursor (/home/jad/.vscode-oss/extensions/esbenp.prettier-vscode-5.1.3/node_modules/prettier/index.js:15035:12)
	at /home/jad/.vscode-oss/extensions/esbenp.prettier-vscode-5.1.3/node_modules/prettier/index.js:51620:12
	at Object.format (/home/jad/.vscode-oss/extensions/esbenp.prettier-vscode-5.1.3/node_modules/prettier/index.js:51640:12)
	at t.default.<anonymous> (/home/jad/.vscode-oss/extensions/esbenp.prettier-vscode-5.1.3/dist/extension.js:1:58387)
	at Generator.next (<anonymous>)
	at s (/home/jad/.vscode-oss/extensions/esbenp.prettier-vscode-5.1.3/dist/extension.js:1:53305)
["INFO" - 4:33:46 PM] Formatting completed in 24.724061ms.
["INFO" - 4:35:39 PM] Formatting /home/jad/projects/my-website/dorman-frontend/src/components/ProjectCardList.jsx
["INFO" - 4:35:39 PM] Using ignore file (if present) at /home/jad/projects/my-website/dorman-frontend/.prettierignore
["INFO" - 4:35:39 PM] Using bundled version of prettier.
["INFO" - 4:35:39 PM] File Info:
{
  "ignored": false,
  "inferredParser": "babel"
}
["INFO" - 4:35:39 PM] No local configuration (i.e. .prettierrc or .editorconfig) detected, falling back to VS Code configuration
["INFO" - 4:35:39 PM] Prettier Options:
{
  "arrowParens": "always",
  "bracketSpacing": true,
  "endOfLine": "lf",
  "htmlWhitespaceSensitivity": "css",
  "insertPragma": false,
  "jsxBracketSameLine": false,
  "jsxSingleQuote": false,
  "printWidth": 80,
  "proseWrap": "preserve",
  "quoteProps": "as-needed",
  "requirePragma": false,
  "semi": true,
  "singleQuote": false,
  "tabWidth": 2,
  "trailingComma": "es5",
  "useTabs": false,
  "vueIndentScriptAndStyle": false,
  "filepath": "/home/jad/projects/my-website/dorman-frontend/src/components/ProjectCardList.jsx",
  "parser": "babel"
}
["ERROR" - 4:35:39 PM] Error formatting document.
["ERROR" - 4:35:39 PM] Unexpected token, expected "{" (4:18)
  2 | 
  3 | class ProjectCardList extends Component {
> 4 |     constructor();
    |                  ^
  5 | 
  6 |     render(
  7 |         return "":
SyntaxError: Unexpected token, expected "{" (4:18)
  2 | 
  3 | class ProjectCardList extends Component {
> 4 |     constructor();
    |                  ^
  5 | 
  6 |     render(
  7 |         return "":
	at e (/home/jad/.vscode-oss/extensions/esbenp.prettier-vscode-5.1.3/node_modules/prettier/parser-babel.js:1:344)
	at Object.parse (/home/jad/.vscode-oss/extensions/esbenp.prettier-vscode-5.1.3/node_modules/prettier/parser-babel.js:1:262513)
	at Object.parse (/home/jad/.vscode-oss/extensions/esbenp.prettier-vscode-5.1.3/node_modules/prettier/index.js:11370:19)
	at coreFormat (/home/jad/.vscode-oss/extensions/esbenp.prettier-vscode-5.1.3/node_modules/prettier/index.js:14784:25)
	at format (/home/jad/.vscode-oss/extensions/esbenp.prettier-vscode-5.1.3/node_modules/prettier/index.js:15019:75)
	at formatWithCursor (/home/jad/.vscode-oss/extensions/esbenp.prettier-vscode-5.1.3/node_modules/prettier/index.js:15035:12)
	at /home/jad/.vscode-oss/extensions/esbenp.prettier-vscode-5.1.3/node_modules/prettier/index.js:51620:12
	at Object.format (/home/jad/.vscode-oss/extensions/esbenp.prettier-vscode-5.1.3/node_modules/prettier/index.js:51640:12)
	at t.default.<anonymous> (/home/jad/.vscode-oss/extensions/esbenp.prettier-vscode-5.1.3/dist/extension.js:1:58387)
	at Generator.next (<anonymous>)
	at s (/home/jad/.vscode-oss/extensions/esbenp.prettier-vscode-5.1.3/dist/extension.js:1:53305)
["INFO" - 4:35:39 PM] Formatting completed in 85.132074ms.
["INFO" - 4:36:44 PM] Formatting /home/jad/projects/my-website/dorman-frontend/src/components/ProjectCard.jsx
["INFO" - 4:36:44 PM] Using ignore file (if present) at /home/jad/projects/my-website/dorman-frontend/.prettierignore
["INFO" - 4:36:44 PM] Using bundled version of prettier.
["INFO" - 4:36:44 PM] File Info:
{
  "ignored": false,
  "inferredParser": "babel"
}
["INFO" - 4:36:44 PM] No local configuration (i.e. .prettierrc or .editorconfig) detected, falling back to VS Code configuration
["INFO" - 4:36:44 PM] Prettier Options:
{
  "arrowParens": "always",
  "bracketSpacing": true,
  "endOfLine": "lf",
  "htmlWhitespaceSensitivity": "css",
  "insertPragma": false,
  "jsxBracketSameLine": false,
  "jsxSingleQuote": false,
  "printWidth": 80,
  "proseWrap": "preserve",
  "quoteProps": "as-needed",
  "requirePragma": false,
  "semi": true,
  "singleQuote": false,
  "tabWidth": 2,
  "trailingComma": "es5",
  "useTabs": false,
  "vueIndentScriptAndStyle": false,
  "filepath": "/home/jad/projects/my-website/dorman-frontend/src/components/ProjectCard.jsx",
  "parser": "babel"
}
["INFO" - 4:36:44 PM] Formatting completed in 24.445891ms.
["INFO" - 4:39:11 PM] Formatting /home/jad/projects/my-website/dorman-frontend/src/components/ProjectCard.jsx
["INFO" - 4:39:11 PM] Using ignore file (if present) at /home/jad/projects/my-website/dorman-frontend/.prettierignore
["INFO" - 4:39:11 PM] Using bundled version of prettier.
["INFO" - 4:39:11 PM] File Info:
{
  "ignored": false,
  "inferredParser": "babel"
}
["INFO" - 4:39:11 PM] No local configuration (i.e. .prettierrc or .editorconfig) detected, falling back to VS Code configuration
["INFO" - 4:39:11 PM] Prettier Options:
{
  "arrowParens": "always",
  "bracketSpacing": true,
  "endOfLine": "lf",
  "htmlWhitespaceSensitivity": "css",
  "insertPragma": false,
  "jsxBracketSameLine": false,
  "jsxSingleQuote": false,
  "printWidth": 80,
  "proseWrap": "preserve",
  "quoteProps": "as-needed",
  "requirePragma": false,
  "semi": true,
  "singleQuote": false,
  "tabWidth": 2,
  "trailingComma": "es5",
  "useTabs": false,
  "vueIndentScriptAndStyle": false,
  "filepath": "/home/jad/projects/my-website/dorman-frontend/src/components/ProjectCard.jsx",
  "parser": "babel"
}
["INFO" - 4:39:11 PM] Formatting completed in 21.582082ms.
["INFO" - 4:39:24 PM] Formatting /home/jad/projects/my-website/dorman-frontend/src/components/ProjectCard.jsx
["INFO" - 4:39:24 PM] Using ignore file (if present) at /home/jad/projects/my-website/dorman-frontend/.prettierignore
["INFO" - 4:39:24 PM] Using bundled version of prettier.
["INFO" - 4:39:24 PM] File Info:
{
  "ignored": false,
  "inferredParser": "babel"
}
["INFO" - 4:39:24 PM] No local configuration (i.e. .prettierrc or .editorconfig) detected, falling back to VS Code configuration
["INFO" - 4:39:24 PM] Prettier Options:
{
  "arrowParens": "always",
  "bracketSpacing": true,
  "endOfLine": "lf",
  "htmlWhitespaceSensitivity": "css",
  "insertPragma": false,
  "jsxBracketSameLine": false,
  "jsxSingleQuote": false,
  "printWidth": 80,
  "proseWrap": "preserve",
  "quoteProps": "as-needed",
  "requirePragma": false,
  "semi": true,
  "singleQuote": false,
  "tabWidth": 2,
  "trailingComma": "es5",
  "useTabs": false,
  "vueIndentScriptAndStyle": false,
  "filepath": "/home/jad/projects/my-website/dorman-frontend/src/components/ProjectCard.jsx",
  "parser": "babel"
}
["ERROR" - 4:39:24 PM] Error formatting document.
["ERROR" - 4:39:24 PM] Unexpected token, expected "{" (5:1)
  3 | class ProjectCard extends Component {
  4 |     render()
> 5 | }
    | ^
  6 | 
SyntaxError: Unexpected token, expected "{" (5:1)
  3 | class ProjectCard extends Component {
  4 |     render()
> 5 | }
    | ^
  6 | 
	at e (/home/jad/.vscode-oss/extensions/esbenp.prettier-vscode-5.1.3/node_modules/prettier/parser-babel.js:1:344)
	at Object.parse (/home/jad/.vscode-oss/extensions/esbenp.prettier-vscode-5.1.3/node_modules/prettier/parser-babel.js:1:262513)
	at Object.parse (/home/jad/.vscode-oss/extensions/esbenp.prettier-vscode-5.1.3/node_modules/prettier/index.js:11370:19)
	at coreFormat (/home/jad/.vscode-oss/extensions/esbenp.prettier-vscode-5.1.3/node_modules/prettier/index.js:14784:25)
	at format (/home/jad/.vscode-oss/extensions/esbenp.prettier-vscode-5.1.3/node_modules/prettier/index.js:15019:75)
	at formatWithCursor (/home/jad/.vscode-oss/extensions/esbenp.prettier-vscode-5.1.3/node_modules/prettier/index.js:15035:12)
	at /home/jad/.vscode-oss/extensions/esbenp.prettier-vscode-5.1.3/node_modules/prettier/index.js:51620:12
	at Object.format (/home/jad/.vscode-oss/extensions/esbenp.prettier-vscode-5.1.3/node_modules/prettier/index.js:51640:12)
	at t.default.<anonymous> (/home/jad/.vscode-oss/extensions/esbenp.prettier-vscode-5.1.3/dist/extension.js:1:58387)
	at Generator.next (<anonymous>)
	at s (/home/jad/.vscode-oss/extensions/esbenp.prettier-vscode-5.1.3/dist/extension.js:1:53305)
["INFO" - 4:39:24 PM] Formatting completed in 25.137099ms.
["INFO" - 4:39:41 PM] Formatting /home/jad/projects/my-website/dorman-frontend/src/components/ProjectCard.jsx
["INFO" - 4:39:41 PM] Using ignore file (if present) at /home/jad/projects/my-website/dorman-frontend/.prettierignore
["INFO" - 4:39:41 PM] Using bundled version of prettier.
["INFO" - 4:39:41 PM] File Info:
{
  "ignored": false,
  "inferredParser": "babel"
}
["INFO" - 4:39:41 PM] No local configuration (i.e. .prettierrc or .editorconfig) detected, falling back to VS Code configuration
["INFO" - 4:39:41 PM] Prettier Options:
{
  "arrowParens": "always",
  "bracketSpacing": true,
  "endOfLine": "lf",
  "htmlWhitespaceSensitivity": "css",
  "insertPragma": false,
  "jsxBracketSameLine": false,
  "jsxSingleQuote": false,
  "printWidth": 80,
  "proseWrap": "preserve",
  "quoteProps": "as-needed",
  "requirePragma": false,
  "semi": true,
  "singleQuote": false,
  "tabWidth": 2,
  "trailingComma": "es5",
  "useTabs": false,
  "vueIndentScriptAndStyle": false,
  "filepath": "/home/jad/projects/my-website/dorman-frontend/src/components/ProjectCard.jsx",
  "parser": "babel"
}
["ERROR" - 4:39:41 PM] Error formatting document.
["ERROR" - 4:39:41 PM] Unexpected token, expected "{" (5:1)
  3 | class ProjectCard extends Component {
  4 |     render()
> 5 | };
    | ^
  6 | 
  7 | export default ProjectCard;
  8 | 
SyntaxError: Unexpected token, expected "{" (5:1)
  3 | class ProjectCard extends Component {
  4 |     render()
> 5 | };
    | ^
  6 | 
  7 | export default ProjectCard;
  8 | 
	at e (/home/jad/.vscode-oss/extensions/esbenp.prettier-vscode-5.1.3/node_modules/prettier/parser-babel.js:1:344)
	at Object.parse (/home/jad/.vscode-oss/extensions/esbenp.prettier-vscode-5.1.3/node_modules/prettier/parser-babel.js:1:262513)
	at Object.parse (/home/jad/.vscode-oss/extensions/esbenp.prettier-vscode-5.1.3/node_modules/prettier/index.js:11370:19)
	at coreFormat (/home/jad/.vscode-oss/extensions/esbenp.prettier-vscode-5.1.3/node_modules/prettier/index.js:14784:25)
	at format (/home/jad/.vscode-oss/extensions/esbenp.prettier-vscode-5.1.3/node_modules/prettier/index.js:15019:75)
	at formatWithCursor (/home/jad/.vscode-oss/extensions/esbenp.prettier-vscode-5.1.3/node_modules/prettier/index.js:15035:12)
	at /home/jad/.vscode-oss/extensions/esbenp.prettier-vscode-5.1.3/node_modules/prettier/index.js:51620:12
	at Object.format (/home/jad/.vscode-oss/extensions/esbenp.prettier-vscode-5.1.3/node_modules/prettier/index.js:51640:12)
	at t.default.<anonymous> (/home/jad/.vscode-oss/extensions/esbenp.prettier-vscode-5.1.3/dist/extension.js:1:58387)
	at Generator.next (<anonymous>)
	at s (/home/jad/.vscode-oss/extensions/esbenp.prettier-vscode-5.1.3/dist/extension.js:1:53305)
["INFO" - 4:39:41 PM] Formatting completed in 20.78359ms.
["INFO" - 4:42:18 PM] Formatting /home/jad/projects/my-website/dorman-frontend/src/components/ProjectCard.jsx
["INFO" - 4:42:18 PM] Using ignore file (if present) at /home/jad/projects/my-website/dorman-frontend/.prettierignore
["INFO" - 4:42:18 PM] Using bundled version of prettier.
["INFO" - 4:42:18 PM] File Info:
{
  "ignored": false,
  "inferredParser": "babel"
}
["INFO" - 4:42:18 PM] No local configuration (i.e. .prettierrc or .editorconfig) detected, falling back to VS Code configuration
["INFO" - 4:42:18 PM] Prettier Options:
{
  "arrowParens": "always",
  "bracketSpacing": true,
  "endOfLine": "lf",
  "htmlWhitespaceSensitivity": "css",
  "insertPragma": false,
  "jsxBracketSameLine": false,
  "jsxSingleQuote": false,
  "printWidth": 80,
  "proseWrap": "preserve",
  "quoteProps": "as-needed",
  "requirePragma": false,
  "semi": true,
  "singleQuote": false,
  "tabWidth": 2,
  "trailingComma": "es5",
  "useTabs": false,
  "vueIndentScriptAndStyle": false,
  "filepath": "/home/jad/projects/my-website/dorman-frontend/src/components/ProjectCard.jsx",
  "parser": "babel"
}
["ERROR" - 4:42:18 PM] Error formatting document.
["ERROR" - 4:42:18 PM] Unexpected token, expected "{" (4:13)
  2 | 
  3 | class ProjectCard extends Component {
> 4 |     render();
    |             ^
  5 | };
  6 | 
  7 | export default ProjectCard;
SyntaxError: Unexpected token, expected "{" (4:13)
  2 | 
  3 | class ProjectCard extends Component {
> 4 |     render();
    |             ^
  5 | };
  6 | 
  7 | export default ProjectCard;
	at e (/home/jad/.vscode-oss/extensions/esbenp.prettier-vscode-5.1.3/node_modules/prettier/parser-babel.js:1:344)
	at Object.parse (/home/jad/.vscode-oss/extensions/esbenp.prettier-vscode-5.1.3/node_modules/prettier/parser-babel.js:1:262513)
	at Object.parse (/home/jad/.vscode-oss/extensions/esbenp.prettier-vscode-5.1.3/node_modules/prettier/index.js:11370:19)
	at coreFormat (/home/jad/.vscode-oss/extensions/esbenp.prettier-vscode-5.1.3/node_modules/prettier/index.js:14784:25)
	at format (/home/jad/.vscode-oss/extensions/esbenp.prettier-vscode-5.1.3/node_modules/prettier/index.js:15019:75)
	at formatWithCursor (/home/jad/.vscode-oss/extensions/esbenp.prettier-vscode-5.1.3/node_modules/prettier/index.js:15035:12)
	at /home/jad/.vscode-oss/extensions/esbenp.prettier-vscode-5.1.3/node_modules/prettier/index.js:51620:12
	at Object.format (/home/jad/.vscode-oss/extensions/esbenp.prettier-vscode-5.1.3/node_modules/prettier/index.js:51640:12)
	at t.default.<anonymous> (/home/jad/.vscode-oss/extensions/esbenp.prettier-vscode-5.1.3/dist/extension.js:1:58387)
	at Generator.next (<anonymous>)
	at s (/home/jad/.vscode-oss/extensions/esbenp.prettier-vscode-5.1.3/dist/extension.js:1:53305)
["INFO" - 4:42:18 PM] Formatting completed in 19.686297ms.
["INFO" - 4:45:50 PM] Formatting /home/jad/projects/my-website/dorman-frontend/src/components/ProjectInfo.jsx
["INFO" - 4:45:50 PM] Using ignore file (if present) at /home/jad/projects/my-website/dorman-frontend/.prettierignore
["INFO" - 4:45:50 PM] Using bundled version of prettier.
["INFO" - 4:45:50 PM] File Info:
{
  "ignored": false,
  "inferredParser": "babel"
}
["INFO" - 4:45:50 PM] No local configuration (i.e. .prettierrc or .editorconfig) detected, falling back to VS Code configuration
["INFO" - 4:45:50 PM] Prettier Options:
{
  "arrowParens": "always",
  "bracketSpacing": true,
  "endOfLine": "lf",
  "htmlWhitespaceSensitivity": "css",
  "insertPragma": false,
  "jsxBracketSameLine": false,
  "jsxSingleQuote": false,
  "printWidth": 80,
  "proseWrap": "preserve",
  "quoteProps": "as-needed",
  "requirePragma": false,
  "semi": true,
  "singleQuote": false,
  "tabWidth": 2,
  "trailingComma": "es5",
  "useTabs": false,
  "vueIndentScriptAndStyle": false,
  "filepath": "/home/jad/projects/my-website/dorman-frontend/src/components/ProjectInfo.jsx",
  "parser": "babel"
}
["INFO" - 4:45:50 PM] Formatting completed in 66.742165ms.
["INFO" - 4:45:51 PM] Formatting /home/jad/projects/my-website/dorman-frontend/src/App.jsx
["INFO" - 4:45:51 PM] Using ignore file (if present) at /home/jad/projects/my-website/dorman-frontend/.prettierignore
["INFO" - 4:45:51 PM] Using bundled version of prettier.
["INFO" - 4:45:51 PM] File Info:
{
  "ignored": false,
  "inferredParser": "babel"
}
["INFO" - 4:45:51 PM] No local configuration (i.e. .prettierrc or .editorconfig) detected, falling back to VS Code configuration
["INFO" - 4:45:51 PM] Prettier Options:
{
  "arrowParens": "always",
  "bracketSpacing": true,
  "endOfLine": "lf",
  "htmlWhitespaceSensitivity": "css",
  "insertPragma": false,
  "jsxBracketSameLine": false,
  "jsxSingleQuote": false,
  "printWidth": 80,
  "proseWrap": "preserve",
  "quoteProps": "as-needed",
  "requirePragma": false,
  "semi": true,
  "singleQuote": false,
  "tabWidth": 2,
  "trailingComma": "es5",
  "useTabs": false,
  "vueIndentScriptAndStyle": false,
  "filepath": "/home/jad/projects/my-website/dorman-frontend/src/App.jsx",
  "parser": "babel"
}
["ERROR" - 4:45:51 PM] Error formatting document.
["ERROR" - 4:45:51 PM] Adjacent JSX elements must be wrapped in an enclosing tag. Did you want a JSX fragment <>...</>? (10:7)
   8 |     return (
   9 |       <Navigation />
> 10 |       <AboutMe />
     |       ^
  11 |       <Footer />
  12 |     );
  13 |   }
SyntaxError: Adjacent JSX elements must be wrapped in an enclosing tag. Did you want a JSX fragment <>...</>? (10:7)
   8 |     return (
   9 |       <Navigation />
> 10 |       <AboutMe />
     |       ^
  11 |       <Footer />
  12 |     );
  13 |   }
	at e (/home/jad/.vscode-oss/extensions/esbenp.prettier-vscode-5.1.3/node_modules/prettier/parser-babel.js:1:344)
	at Object.parse (/home/jad/.vscode-oss/extensions/esbenp.prettier-vscode-5.1.3/node_modules/prettier/parser-babel.js:1:262513)
	at Object.parse (/home/jad/.vscode-oss/extensions/esbenp.prettier-vscode-5.1.3/node_modules/prettier/index.js:11370:19)
	at coreFormat (/home/jad/.vscode-oss/extensions/esbenp.prettier-vscode-5.1.3/node_modules/prettier/index.js:14784:25)
	at format (/home/jad/.vscode-oss/extensions/esbenp.prettier-vscode-5.1.3/node_modules/prettier/index.js:15019:75)
	at formatWithCursor (/home/jad/.vscode-oss/extensions/esbenp.prettier-vscode-5.1.3/node_modules/prettier/index.js:15035:12)
	at /home/jad/.vscode-oss/extensions/esbenp.prettier-vscode-5.1.3/node_modules/prettier/index.js:51620:12
	at Object.format (/home/jad/.vscode-oss/extensions/esbenp.prettier-vscode-5.1.3/node_modules/prettier/index.js:51640:12)
	at t.default.<anonymous> (/home/jad/.vscode-oss/extensions/esbenp.prettier-vscode-5.1.3/dist/extension.js:1:58387)
	at Generator.next (<anonymous>)
	at s (/home/jad/.vscode-oss/extensions/esbenp.prettier-vscode-5.1.3/dist/extension.js:1:53305)
["INFO" - 4:45:51 PM] Formatting completed in 47.729833ms.
["INFO" - 4:46:37 PM] Formatting /home/jad/projects/my-website/dorman-frontend/src/App.jsx
["INFO" - 4:46:37 PM] Using ignore file (if present) at /home/jad/projects/my-website/dorman-frontend/.prettierignore
["INFO" - 4:46:37 PM] Using bundled version of prettier.
["INFO" - 4:46:37 PM] File Info:
{
  "ignored": false,
  "inferredParser": "babel"
}
["INFO" - 4:46:37 PM] No local configuration (i.e. .prettierrc or .editorconfig) detected, falling back to VS Code configuration
["INFO" - 4:46:37 PM] Prettier Options:
{
  "arrowParens": "always",
  "bracketSpacing": true,
  "endOfLine": "lf",
  "htmlWhitespaceSensitivity": "css",
  "insertPragma": false,
  "jsxBracketSameLine": false,
  "jsxSingleQuote": false,
  "printWidth": 80,
  "proseWrap": "preserve",
  "quoteProps": "as-needed",
  "requirePragma": false,
  "semi": true,
  "singleQuote": false,
  "tabWidth": 2,
  "trailingComma": "es5",
  "useTabs": false,
  "vueIndentScriptAndStyle": false,
  "filepath": "/home/jad/projects/my-website/dorman-frontend/src/App.jsx",
  "parser": "babel"
}
["ERROR" - 4:46:38 PM] Error formatting document.
["ERROR" - 4:46:38 PM] Adjacent JSX elements must be wrapped in an enclosing tag. Did you want a JSX fragment <>...</>? (10:7)
   8 |     return (
   9 |       <Navigation />
> 10 |       <AboutMe />
     |       ^
  11 |       <Footer />
  12 |     );
  13 |   }
SyntaxError: Adjacent JSX elements must be wrapped in an enclosing tag. Did you want a JSX fragment <>...</>? (10:7)
   8 |     return (
   9 |       <Navigation />
> 10 |       <AboutMe />
     |       ^
  11 |       <Footer />
  12 |     );
  13 |   }
	at e (/home/jad/.vscode-oss/extensions/esbenp.prettier-vscode-5.1.3/node_modules/prettier/parser-babel.js:1:344)
	at Object.parse (/home/jad/.vscode-oss/extensions/esbenp.prettier-vscode-5.1.3/node_modules/prettier/parser-babel.js:1:262513)
	at Object.parse (/home/jad/.vscode-oss/extensions/esbenp.prettier-vscode-5.1.3/node_modules/prettier/index.js:11370:19)
	at coreFormat (/home/jad/.vscode-oss/extensions/esbenp.prettier-vscode-5.1.3/node_modules/prettier/index.js:14784:25)
	at format (/home/jad/.vscode-oss/extensions/esbenp.prettier-vscode-5.1.3/node_modules/prettier/index.js:15019:75)
	at formatWithCursor (/home/jad/.vscode-oss/extensions/esbenp.prettier-vscode-5.1.3/node_modules/prettier/index.js:15035:12)
	at /home/jad/.vscode-oss/extensions/esbenp.prettier-vscode-5.1.3/node_modules/prettier/index.js:51620:12
	at Object.format (/home/jad/.vscode-oss/extensions/esbenp.prettier-vscode-5.1.3/node_modules/prettier/index.js:51640:12)
	at t.default.<anonymous> (/home/jad/.vscode-oss/extensions/esbenp.prettier-vscode-5.1.3/dist/extension.js:1:58387)
	at Generator.next (<anonymous>)
	at s (/home/jad/.vscode-oss/extensions/esbenp.prettier-vscode-5.1.3/dist/extension.js:1:53305)
["INFO" - 4:46:38 PM] Formatting completed in 22.211432ms.
["INFO" - 4:58:21 PM] Formatting /home/jad/projects/my-website/dorman-frontend/src/App.jsx
["INFO" - 4:58:21 PM] Using ignore file (if present) at /home/jad/projects/my-website/dorman-frontend/.prettierignore
["INFO" - 4:58:21 PM] Using bundled version of prettier.
["INFO" - 4:58:21 PM] File Info:
{
  "ignored": false,
  "inferredParser": "babel"
}
["INFO" - 4:58:21 PM] No local configuration (i.e. .prettierrc or .editorconfig) detected, falling back to VS Code configuration
["INFO" - 4:58:21 PM] Prettier Options:
{
  "arrowParens": "always",
  "bracketSpacing": true,
  "endOfLine": "lf",
  "htmlWhitespaceSensitivity": "css",
  "insertPragma": false,
  "jsxBracketSameLine": false,
  "jsxSingleQuote": false,
  "printWidth": 80,
  "proseWrap": "preserve",
  "quoteProps": "as-needed",
  "requirePragma": false,
  "semi": true,
  "singleQuote": false,
  "tabWidth": 2,
  "trailingComma": "es5",
  "useTabs": false,
  "vueIndentScriptAndStyle": false,
  "filepath": "/home/jad/projects/my-website/dorman-frontend/src/App.jsx",
  "parser": "babel"
}
["INFO" - 4:58:21 PM] Formatting completed in 30.985649ms.
["INFO" - 5:02:07 PM] Formatting /home/jad/projects/my-website/dorman-frontend/src/App.jsx
["INFO" - 5:02:07 PM] Using ignore file (if present) at /home/jad/projects/my-website/dorman-frontend/.prettierignore
["INFO" - 5:02:07 PM] Using bundled version of prettier.
["INFO" - 5:02:07 PM] File Info:
{
  "ignored": false,
  "inferredParser": "babel"
}
["INFO" - 5:02:07 PM] No local configuration (i.e. .prettierrc or .editorconfig) detected, falling back to VS Code configuration
["INFO" - 5:02:07 PM] Prettier Options:
{
  "arrowParens": "always",
  "bracketSpacing": true,
  "endOfLine": "lf",
  "htmlWhitespaceSensitivity": "css",
  "insertPragma": false,
  "jsxBracketSameLine": false,
  "jsxSingleQuote": false,
  "printWidth": 80,
  "proseWrap": "preserve",
  "quoteProps": "as-needed",
  "requirePragma": false,
  "semi": true,
  "singleQuote": false,
  "tabWidth": 2,
  "trailingComma": "es5",
  "useTabs": false,
  "vueIndentScriptAndStyle": false,
  "filepath": "/home/jad/projects/my-website/dorman-frontend/src/App.jsx",
  "parser": "babel"
}
["INFO" - 5:02:08 PM] Formatting completed in 46.724027ms.
